# JRE version: Java(TM) SE Runtime Environment (17.0.8+9) (build 17.0.8+9-LTS-211)
# Java VM: Java HotSpot(TM) 64-Bit Server VM (17.0.8+9-LTS-211, mixed mode, emulated-client, sharing, tiered, compressed oops, compressed class ptrs, g1 gc, windows-amd64)
GC Precious Log:
 CPUs: 8 total, 8 available
 Memory: 8022M
 Large Page Support: Disabled
 NUMA Support: Disabled
 Compressed Oops: Enabled (32-bit)
 Heap Region Size: 1M
 Heap Min Capacity: 8M
 Heap Initial Capacity: 126M
 Heap Max Capacity: 1G
 Pre-touch: Disabled
 Parallel Workers: 8
 Concurrent Workers: 2
 Concurrent Refinement Workers: 8
 Periodic GC: Disabled
Heap:
 garbage-first heap   total 92160K, used 37821K [0x00000000c0000000, 0x0000000100000000)
  region size 1024K, 1 young (1024K), 0 survivors (0K)
 Metaspace       used 52536K, committed 52992K, reserved 1114112K
  class space    used 6614K, committed 6848K, reserved 1048576K
GC Heap History (20 events):
Event: 3735.096 GC heap before
{Heap before GC invocations=454 (full 167):
 garbage-first heap   total 92160K, used 37821K [0x00000000c0000000, 0x0000000100000000)
  region size 1024K, 1 young (1024K), 0 survivors (0K)
 Metaspace       used 52536K, committed 52992K, reserved 1114112K
  class space    used 6614K, committed 6848K, reserved 1048576K
}
Event: 3735.206 GC heap after
{Heap after GC invocations=455 (full 168):
 garbage-first heap   total 92160K, used 37821K [0x00000000c0000000, 0x0000000100000000)
  region size 1024K, 0 young (0K), 0 survivors (0K)
 Metaspace       used 52536K, committed 52992K, reserved 1114112K
  class space    used 6614K, committed 6848K, reserved 1048576K
}
Event: 3745.481 GC heap before
{Heap before GC invocations=455 (full 168):
 garbage-first heap   total 92160K, used 37821K [0x00000000c0000000, 0x0000000100000000)
  region size 1024K, 1 young (1024K), 0 survivors (0K)
 Metaspace       used 52536K, committed 52992K, reserved 1114112K
  class space    used 6614K, committed 6848K, reserved 1048576K
}
Event: 3745.582 GC heap after
{Heap after GC invocations=456 (full 169):
 garbage-first heap   total 92160K, used 37821K [0x00000000c0000000, 0x0000000100000000)
  region size 1024K, 0 young (0K), 0 survivors (0K)
 Metaspace       used 52536K, committed 52992K, reserved 1114112K
  class space    used 6614K, committed 6848K, reserved 1048576K
}
Event: 3755.926 GC heap before
{Heap before GC invocations=456 (full 169):
 garbage-first heap   total 92160K, used 37821K [0x00000000c0000000, 0x0000000100000000)
  region size 1024K, 1 young (1024K), 0 survivors (0K)
 Metaspace       used 52536K, committed 52992K, reserved 1114112K
  class space    used 6614K, committed 6848K, reserved 1048576K
}
Event: 3756.022 GC heap after
{Heap after GC invocations=457 (full 170):
 garbage-first heap   total 92160K, used 37821K [0x00000000c0000000, 0x0000000100000000)
  region size 1024K, 0 young (0K), 0 survivors (0K)
 Metaspace       used 52536K, committed 52992K, reserved 1114112K
  class space    used 6614K, committed 6848K, reserved 1048576K
}
Event: 3766.327 GC heap before
{Heap before GC invocations=457 (full 170):
 garbage-first heap   total 92160K, used 37821K [0x00000000c0000000, 0x0000000100000000)
  region size 1024K, 1 young (1024K), 0 survivors (0K)
 Metaspace       used 52536K, committed 52992K, reserved 1114112K
  class space    used 6614K, committed 6848K, reserved 1048576K
}
Event: 3766.418 GC heap after
{Heap after GC invocations=458 (full 171):
 garbage-first heap   total 92160K, used 37821K [0x00000000c0000000, 0x0000000100000000)
  region size 1024K, 0 young (0K), 0 survivors (0K)
 Metaspace       used 52536K, committed 52992K, reserved 1114112K
  class space    used 6614K, committed 6848K, reserved 1048576K
}
Event: 3776.690 GC heap before
{Heap before GC invocations=458 (full 171):
 garbage-first heap   total 92160K, used 37821K [0x00000000c0000000, 0x0000000100000000)
  region size 1024K, 1 young (1024K), 0 survivors (0K)
 Metaspace       used 52536K, committed 52992K, reserved 1114112K
  class space    used 6614K, committed 6848K, reserved 1048576K
}
Event: 3776.779 GC heap after
{Heap after GC invocations=459 (full 172):
 garbage-first heap   total 92160K, used 37821K [0x00000000c0000000, 0x0000000100000000)
  region size 1024K, 0 young (0K), 0 survivors (0K)
 Metaspace       used 52536K, committed 52992K, reserved 1114112K
  class space    used 6614K, committed 6848K, reserved 1048576K
}
Event: 3787.000 GC heap before
{Heap before GC invocations=459 (full 172):
 garbage-first heap   total 92160K, used 37821K [0x00000000c0000000, 0x0000000100000000)
  region size 1024K, 1 young (1024K), 0 survivors (0K)
 Metaspace       used 52536K, committed 52992K, reserved 1114112K
  class space    used 6614K, committed 6848K, reserved 1048576K
}
Event: 3787.089 GC heap after
{Heap after GC invocations=460 (full 173):
 garbage-first heap   total 92160K, used 37821K [0x00000000c0000000, 0x0000000100000000)
  region size 1024K, 0 young (0K), 0 survivors (0K)
 Metaspace       used 52536K, committed 52992K, reserved 1114112K
  class space    used 6614K, committed 6848K, reserved 1048576K
}
Event: 3797.416 GC heap before
{Heap before GC invocations=460 (full 173):
 garbage-first heap   total 92160K, used 37821K [0x00000000c0000000, 0x0000000100000000)
  region size 1024K, 1 young (1024K), 0 survivors (0K)
 Metaspace       used 52536K, committed 52992K, reserved 1114112K
  class space    used 6614K, committed 6848K, reserved 1048576K
}
Event: 3797.496 GC heap after
{Heap after GC invocations=461 (full 174):
 garbage-first heap   total 92160K, used 37821K [0x00000000c0000000, 0x0000000100000000)
  region size 1024K, 0 young (0K), 0 survivors (0K)
 Metaspace       used 52536K, committed 52992K, reserved 1114112K
  class space    used 6614K, committed 6848K, reserved 1048576K
}
Event: 3807.694 GC heap before
{Heap before GC invocations=461 (full 174):
 garbage-first heap   total 92160K, used 37821K [0x00000000c0000000, 0x0000000100000000)
  region size 1024K, 1 young (1024K), 0 survivors (0K)
 Metaspace       used 52536K, committed 52992K, reserved 1114112K
  class space    used 6614K, committed 6848K, reserved 1048576K
}
Event: 3807.764 GC heap after
{Heap after GC invocations=462 (full 175):
 garbage-first heap   total 92160K, used 37821K [0x00000000c0000000, 0x0000000100000000)
  region size 1024K, 0 young (0K), 0 survivors (0K)
 Metaspace       used 52536K, committed 52992K, reserved 1114112K
  class space    used 6614K, committed 6848K, reserved 1048576K
}
Event: 3818.168 GC heap before
{Heap before GC invocations=462 (full 175):
 garbage-first heap   total 92160K, used 37821K [0x00000000c0000000, 0x0000000100000000)
  region size 1024K, 1 young (1024K), 0 survivors (0K)
 Metaspace       used 52536K, committed 52992K, reserved 1114112K
  class space    used 6614K, committed 6848K, reserved 1048576K
}
Event: 3818.258 GC heap after
{Heap after GC invocations=463 (full 176):
 garbage-first heap   total 92160K, used 37821K [0x00000000c0000000, 0x0000000100000000)
  region size 1024K, 0 young (0K), 0 survivors (0K)
 Metaspace       used 52536K, committed 52992K, reserved 1114112K
  class space    used 6614K, committed 6848K, reserved 1048576K
}
Event: 3828.493 GC heap before
{Heap before GC invocations=463 (full 176):
 garbage-first heap   total 92160K, used 37821K [0x00000000c0000000, 0x0000000100000000)
  region size 1024K, 1 young (1024K), 0 survivors (0K)
 Metaspace       used 52536K, committed 52992K, reserved 1114112K
  class space    used 6614K, committed 6848K, reserved 1048576K
}
Event: 3828.569 GC heap after
{Heap after GC invocations=464 (full 177):
 garbage-first heap   total 92160K, used 37821K [0x00000000c0000000, 0x0000000100000000)
  region size 1024K, 0 young (0K), 0 survivors (0K)
 Metaspace       used 52536K, committed 52992K, reserved 1114112K
  class space    used 6614K, committed 6848K, reserved 1048576K
}

